Adler.pas Note: Repairing include files : zconf.inc
Adler.pas(1,12) Note: Added MODE Delphi syntax modifier after unit name.
 : 
Crc.pas Note: Repairing include files : zconf.inc
Crc.pas(1,10) Note: Added MODE Delphi syntax modifier after unit name.
 : 
dzlib.pas(18,6) Note: Fixed character case of unit "gzlib" to "gZlib".
dzlib.pas(158,3) Note: Fixed character case of unit "zutil" to "ZUtil".
dzlib.pas(11,12) Note: Added MODE Delphi syntax modifier after unit name.
 : 
example.pas(29,3) Note: Fixed character case of unit "zutil" to "ZUtil".
example.pas(30,3) Note: Fixed character case of unit "gzLib" to "gZlib".
example.pas(31,3) Note: Fixed character case of unit "gzIo" to "gzIO".
example.pas(1,17) Note: Added MODE Delphi syntax modifier after unit name.
 : 
gzIO.pas Note: Repairing include files : zconf.inc
gzIO.pas(1,11) Note: Added MODE Delphi syntax modifier after unit name.
 : 
gZlib.pas Note: Repairing include files : zconf.inc
gZlib.pas(1,12) Note: Added MODE Delphi syntax modifier after unit name.
 : 
InfBlock.pas Note: Repairing include files : zconf.inc
InfBlock.pas(19,6) Note: Fixed character case of unit "zutil" to "ZUtil".
InfBlock.pas(19,13) Note: Fixed character case of unit "gzlib" to "gZlib".
InfBlock.pas(1,15) Note: Added MODE Delphi syntax modifier after unit name.
 : 
InfCodes.pas Note: Repairing include files : zconf.inc
InfCodes.pas(19,3) Note: Fixed character case of unit "zutil" to "ZUtil".
InfCodes.pas(19,10) Note: Fixed character case of unit "gzlib" to "gZlib".
InfCodes.pas(1,15) Note: Added MODE Delphi syntax modifier after unit name.
 : 
InfFast.pas Note: Repairing include files : zconf.inc
InfFast.pas(21,6) Note: Fixed character case of unit "zutil" to "ZUtil".
InfFast.pas(21,13) Note: Fixed character case of unit "gzlib" to "gZlib".
InfFast.pas(1,14) Note: Added MODE Delphi syntax modifier after unit name.
 : 
InfTrees.pas Note: Repairing include files : zconf.inc
InfTrees.pas(24,3) Note: Fixed character case of unit "zutil" to "ZUtil".
InfTrees.pas(24,10) Note: Fixed character case of unit "gzlib" to "gZlib".
InfTrees.pas(1,15) Note: Added MODE Delphi syntax modifier after unit name.
 : 
infutil.pas Note: Repairing include files : zconf.inc
infutil.pas(1,14) Note: Added MODE Delphi syntax modifier after unit name.
 : 
minigzip.pas(24,3) Note: Fixed character case of unit "gzio" to "gzIO".
minigzip.pas(24,9) Note: Fixed character case of unit "zutil" to "ZUtil".
minigzip.pas(1,18) Note: Added MODE Delphi syntax modifier after unit name.
 : 
trees.pas Note: Repairing include files : zconf.inc
trees.pas(1,12) Note: Added MODE Delphi syntax modifier after unit name.
 : 
zCompres.pas Note: Repairing include files : zconf.inc
zCompres.pas(1,15) Note: Added MODE Delphi syntax modifier after unit name.
 : 
zDeflate.pas Note: Repairing include files : zconf.inc
zDeflate.pas(64,3) Note: Fixed character case of unit "zutil" to "ZUtil".
zDeflate.pas(64,10) Note: Fixed character case of unit "gzlib" to "gZlib".
zDeflate.pas(1,15) Note: Added MODE Delphi syntax modifier after unit name.
 : 
zInflate.pas Note: Repairing include files : zconf.inc
zInflate.pas(208,3) Note: Fixed character case of unit "adler" to "Adler".
zInflate.pas(1,16) Note: Added MODE Delphi syntax modifier after unit name.
 : 
zUnCompr.pas Note: Repairing include files : zconf.inc
zUnCompr.pas(18,3) Note: Fixed character case of unit "zutil" to "ZUtil".
zUnCompr.pas(18,10) Note: Fixed character case of unit "gzlib" to "gZlib".
zUnCompr.pas(1,15) Note: Added MODE Delphi syntax modifier after unit name.
 : 
ZUtil.pas Note: Changed encoding from cp1252 to UTF-8
ZUtil.pas Note: Repairing include files : zconf.inc
ZUtil.pas(1,12) Note: Added MODE Delphi syntax modifier after unit name.
 : Conversion Ready.
