Memo1
{"params": [[
{"severity": 0, "title": "", "id": "status", "message": "Verarbeite Ereignis on_demand", "type": "", "class": "MessageSubject"}, 
{"severity": 0, "title": "", "id": "message", "message": "", "type": "", "class": "MessageSubject"}, 
{"severity": 0, "title": "", "id": "configServiceUrl", "message": "", "type": "", "class": "MessageSubject"}, 
{"severity": 0, "title": "", "id": "clientId", "message": "pctry4detlef.uib.local", "type": "", "class": "MessageSubject"}, 
{"severity": 0, "title": "", "id": "actionProcessorInfo", "message": "", "type": "", "class": "MessageSubject"}, 
{"severity": 0, "title": "", "id": "opsiclientdInfo", "message": "opsiclientd 4.0.90", "type": "", "class": "MessageSubject"}, 
{"end": 0, "severity": 0, "title": "", "timeLeft": 0, "speed": 0, "percent": 0, "id": "detail", "state": 0, "timeSpend": 0, "message": "", "type": "", "class": "MessageSubjectProxy"}, 
{"end": 0, "severity": 0, "title": "", "timeLeft": 0, "speed": 0, "percent": 0, "id": "currentProgress", "state": 0, "timeSpend": 0, "message": "", "type": "", "class": "ProgressSubjectProxy"}, 
{"end": 0, "severity": 0, "title": "", "timeLeft": 0, "speed": 0, "percent": 0, "id": "overallProgress", "state": 0, "timeSpend": 0, "message": "", "type": "", "class": "ProgressSubjectProxy"}
]], "id": null, "method": "subjectsChanged"}
1 --------------------------------------------------
{"params": [
{"severity": 0, "title": "", "id": "actionProcessorInfo", "message": "opsi-script 4.11.6.12", "type": "", "class": "MessageSubject"}, 
"opsi-script 4.11.6.12"], "id": null, "method": "messageChanged"}
2 --------------------------------------------------
{"params": [{"severity": 0, "title": "", "id": "message", "message": "Starte die Bearbeitung von Produkt-Aktionen. Sie k\u00f6nnen diese Aktion insgesamt 5 mal abbrechen. Die Aktion wurde bereits 0 mal abgebrochen.", "type": "", "class": "MessageSubject"}, "Starte die Bearbeitung von Produkt-Aktionen. Sie k\u00f6nnen diese Aktion insgesamt 5 mal abbrechen. Die Aktion wurde bereits 0 mal abgebrochen."], "id": null, "method": "messageChanged"}
3 --------------------------------------------------
{"params": [{"severity": 0, "title": "", "id": "status", "message": "Verarbeite Ereignis on_demand", "type": "", "class": "MessageSubject"}, "Verarbeite Ereignis on_demand"], "id": null, "method": "messageChanged"}
4 --------------------------------------------------

5 --------------------------------------------------

6 --------------------------------------------------

7 --------------------------------------------------

8 --------------------------------------------------
{"params": [[
{"severity": 0, "title": "", "id": "status", "message": "Verarbeite Ereignis on_demand", "type": "", "class": "MessageSubject"}, 
{"severity": 0, "title": "", "id": "message", "message": "Starte die Bearbeitung von Produkt-Aktionen. Sie k\u00f6nnen diese Aktion insgesamt 5 mal abbrechen. Die Aktion wurde bereits 0 mal abgebrochen.", "type": "", "class": "MessageSubject"}, {"severity": 0, "title": "", "id": "configServiceUrl", "message": "", "type": "", "class": "MessageSubject"}, 
{"severity": 0, "title": "", "id": "clientId", "message": "pctry4detlef.uib.local", "type": "", "class": "MessageSubject"}, 
{"severity": 0, "title": "", "id": "actionProcessorInfo", "message": "opsi-script 4.11.6.12", "type": "", "class": "MessageSubject"}, 
{"severity": 0, "title": "", "id": "opsiclientdInfo", "message": "opsiclientd 4.0.90", "type": "", "class": "MessageSubject"}, 
{"end": 0, "severity": 0, "title": "", "timeLeft": 0, "speed": 0, "percent": 0, "id": "detail", "state": 0, "timeSpend": 0, "message": "", "type": "", "class": "MessageSubjectProxy"}, 
{"end": 0, "severity": 0, "title": "", "timeLeft": 0, "speed": 0, "percent": 0, "id": "currentProgress", "state": 0, "timeSpend": 0, "message": "", "type": "", "class": "ProgressSubjectProxy"}, {"end": 0, "severity": 0, "title": "", "timeLeft": 0, "speed": 0, "percent": 0, "id": "overallProgress", "state": 0, "timeSpend": 0, "message": "", "type": "", "class": "ProgressSubjectProxy"}
]], "id": null, "method": "subjectsChanged"}
9 --------------------------------------------------

10 --------------------------------------------------

11 --------------------------------------------------
{"params": [{"severity": 0, "title": "", "id": "configServiceUrl", "message": "https://192.168.1.14:4447", "type": "", "class": "MessageSubject"}, "https://192.168.1.14:4447"], "id": null, "method": "messageChanged"}
12 --------------------------------------------------
{"params": [{"severity": 0, "title": "", "id": "status", "message": "Verbinde zu Config-Server 'https://192.168.1.14:4447' #1", "type": "", "class": "MessageSubject"}, "Verbinde zu Config-Server 'https://192.168.1.14:4447' #1"], "id": null, "method": "messageChanged"}
13 --------------------------------------------------
{"params": [{"end": 0, "severity": 0, "title": "", "timeLeft": 0, "speed": 0, "percent": 0, "id": "detail", "state": 0, "timeSpend": 0, "message": "Timeout: 30s", "type": "", "class": "MessageSubjectProxy"}, "Timeout: 30s"], "id": null, "method": "messageChanged"}
14 --------------------------------------------------
{"params": [[{"severity": 0, "title": "", "id": "status", "message": "Verbinde zu Config-Server 'https://192.168.1.14:4447' #1", "type": "", "class": "MessageSubject"}, {"severity": 0, "title": "", "id": "message", "message": "Starte die Bearbeitung von Produkt-Aktionen. Sie k\u00f6nnen diese Aktion insgesamt 5 mal abbrechen. Die Aktion wurde bereits 0 mal abgebrochen.", "type": "", "class": "MessageSubject"}, {"severity": 0, "title": "", "id": "configServiceUrl", "message": "https://192.168.1.14:4447", "type": "", "class": "MessageSubject"}, {"severity": 0, "title": "", "id": "clientId", "message": "pctry4detlef.uib.local", "type": "", "class": "MessageSubject"}, {"severity": 0, "title": "", "id": "actionProcessorInfo", "message": "opsi-script 4.11.6.12", "type": "", "class": "MessageSubject"}, {"severity": 0, "title": "", "id": "opsiclientdInfo", "message": "opsiclientd 4.0.90", "type": "", "class": "MessageSubject"}, {"end": 0, "severity": 0, "title": "", "timeLeft": 0, "speed": 0, "percent": 0, "id": "detail", "state": 0, "timeSpend": 0, "message": "Timeout: 30s", "type": "", "class": "MessageSubjectProxy"}, {"end": 0, "severity": 0, "title": "", "timeLeft": 0, "speed": 0, "percent": 0, "id": "currentProgress", "state": 0, "timeSpend": 0, "message": "", "type": "", "class": "ProgressSubjectProxy"}, {"end": 0, "severity": 0, "title": "", "timeLeft": 0, "speed": 0, "percent": 0, "id": "overallProgress", "state": 0, "timeSpend": 0, "message": "", "type": "", "class": "ProgressSubjectProxy"}, {"severity": 0, "title": "", "id": "choice", "selectedIndexes": [0], "message": "", "choices": ["Stop connection"], "type": "", "class": "ChoiceSubject"}]], "id": null, "method": "subjectsChanged"}
15 --------------------------------------------------
{"params": [{"severity": 0, "title": "", "id": "status", "message": "Verbunden mit Config-Server 'https://192.168.1.14:4447'", "type": "", "class": "MessageSubject"}, "Verbunden mit Config-Server 'https://192.168.1.14:4447'"], "id": null, "method": "messageChanged"}
16 --------------------------------------------------
{"params": [[{"severity": 0, "title": "", "id": "status", "message": "Verbunden mit Config-Server 'https://192.168.1.14:4447'", "type": "", "class": "MessageSubject"}, {"severity": 0, "title": "", "id": "message", "message": "Starte die Bearbeitung von Produkt-Aktionen. Sie k\u00f6nnen diese Aktion insgesamt 5 mal abbrechen. Die Aktion wurde bereits 0 mal abgebrochen.", "type": "", "class": "MessageSubject"}, {"severity": 0, "title": "", "id": "configServiceUrl", "message": "https://192.168.1.14:4447", "type": "", "class": "MessageSubject"}, {"severity": 0, "title": "", "id": "clientId", "message": "pctry4detlef.uib.local", "type": "", "class": "MessageSubject"}, {"severity": 0, "title": "", "id": "actionProcessorInfo", "message": "opsi-script 4.11.6.12", "type": "", "class": "MessageSubject"}, {"severity": 0, "title": "", "id": "opsiclientdInfo", "message": "opsiclientd 4.0.90", "type": "", "class": "MessageSubject"}, {"end": 0, "severity": 0, "title": "", "timeLeft": 0, "speed": 0, "percent": 0, "id": "detail", "state": 0, "timeSpend": 0, "message": "Timeout: 30s", "type": "", "class": "MessageSubjectProxy"}, {"end": 0, "severity": 0, "title": "", "timeLeft": 0, "speed": 0, "percent": 0, "id": "currentProgress", "state": 0, "timeSpend": 0, "message": "", "type": "", "class": "ProgressSubjectProxy"}, {"end": 0, "severity": 0, "title": "", "timeLeft": 0, "speed": 0, "percent": 0, "id": "overallProgress", "state": 0, "timeSpend": 0, "message": "", "type": "", "class": "ProgressSubjectProxy"}]], "id": null, "method": "subjectsChanged"}
17 --------------------------------------------------
{"params": [{"end": 0, "severity": 0, "title": "", "timeLeft": 0, "speed": 0, "percent": 0, "id": "detail", "state": 0, "timeSpend": 0, "message": "", "type": "", "class": "MessageSubjectProxy"}, ""], "id": null, "method": "messageChanged"}
18 --------------------------------------------------
{"params": [{"severity": 0, "title": "", "id": "status", "message": "Frage Konfiguration auf Service ab", "type": "", "class": "MessageSubject"}, "Frage Konfiguration auf Service ab"], "id": null, "method": "messageChanged"}
19 --------------------------------------------------
{"params": [{"severity": 0, "title": "", "id": "status", "message": "Konfiguration von Service erhalten", "type": "", "class": "MessageSubject"}, "Konfiguration von Service erhalten"], "id": null, "method": "messageChanged"}
20 --------------------------------------------------
{"params": [{"severity": 0, "title": "", "id": "status", "message": "Frage auszuf\u00fchrende Aktionen beim Config-Service nach", "type": "", "class": "MessageSubject"}, "Frage auszuf\u00fchrende Aktionen beim Config-Service nach"], "id": null, "method": "messageChanged"}
21 --------------------------------------------------
{"params": [{"severity": 0, "title": "", "id": "message", "message": "Starte die Bearbeitung von Produkt-Aktionen. Sie k\u00f6nnen diese Aktion insgesamt 5 mal abbrechen. Die Aktion wurde bereits 0 mal abgebrochen.\nProdukte: shutdownwanted", "type": "", "class": "MessageSubject"}, "Starte die Bearbeitung von Produkt-Aktionen. Sie k\u00f6nnen diese Aktion insgesamt 5 mal abbrechen. Die Aktion wurde bereits 0 mal abgebrochen.\nProdukte: shutdownwanted"], "id": null, "method": "messageChanged"}
22 --------------------------------------------------
{"params": [[{"severity": 0, "title": "", "id": "status", "message": "Frage auszuf\u00fchrende Aktionen beim Config-Service nach", "type": "", "class": "MessageSubject"}, {"severity": 0, "title": "", "id": "message", "message": "Starte die Bearbeitung von Produkt-Aktionen. Sie k\u00f6nnen diese Aktion insgesamt 5 mal abbrechen. Die Aktion wurde bereits 0 mal abgebrochen.\nProdukte: shutdownwanted", "type": "", "class": "MessageSubject"}, {"severity": 0, "title": "", "id": "configServiceUrl", "message": "https://192.168.1.14:4447", "type": "", "class": "MessageSubject"}, {"severity": 0, "title": "", "id": "clientId", "message": "pctry4detlef.uib.local", "type": "", "class": "MessageSubject"}, {"severity": 0, "title": "", "id": "actionProcessorInfo", "message": "opsi-script 4.11.6.12", "type": "", "class": "MessageSubject"}, {"severity": 0, "title": "", "id": "opsiclientdInfo", "message": "opsiclientd 4.0.90", "type": "", "class": "MessageSubject"}, {"end": 0, "severity": 0, "title": "", "timeLeft": 0, "speed": 0, "percent": 0, "id": "detail", "state": 0, "timeSpend": 0, "message": "", "type": "", "class": "MessageSubjectProxy"}, {"end": 0, "severity": 0, "title": "", "timeLeft": 0, "speed": 0, "percent": 0, "id": "currentProgress", "state": 0, "timeSpend": 0, "message": "", "type": "", "class": "ProgressSubjectProxy"}, {"end": 0, "severity": 0, "title": "", "timeLeft": 0, "speed": 0, "percent": 0, "id": "overallProgress", "state": 0, "timeSpend": 0, "message": "", "type": "", "class": "ProgressSubjectProxy"}, {"severity": 0, "title": "", "id": "choice", "selectedIndexes": [0], "message": "", "choices": ["Abbrechen", "Jetzt starten"], "type": "", "class": "ChoiceSubject"}]], "id": null, "method": "subjectsChanged"}
23 --------------------------------------------------

24 --------------------------------------------------

25 --------------------------------------------------

26 --------------------------------------------------

27 --------------------------------------------------
{"params": [[{"severity": 0, "title": "", "id": "status", "message": "Frage auszuf\u00fchrende Aktionen beim Config-Service nach", "type": "", "class": "MessageSubject"}, {"severity": 0, "title": "", "id": "message", "message": "Starte die Bearbeitung von Produkt-Aktionen. Sie k\u00f6nnen diese Aktion insgesamt 5 mal abbrechen. Die Aktion wurde bereits 0 mal abgebrochen.\nProdukte: shutdownwanted", "type": "", "class": "MessageSubject"}, {"severity": 0, "title": "", "id": "configServiceUrl", "message": "https://192.168.1.14:4447", "type": "", "class": "MessageSubject"}, {"severity": 0, "title": "", "id": "clientId", "message": "pctry4detlef.uib.local", "type": "", "class": "MessageSubject"}, {"severity": 0, "title": "", "id": "actionProcessorInfo", "message": "opsi-script 4.11.6.12", "type": "", "class": "MessageSubject"}, {"severity": 0, "title": "", "id": "opsiclientdInfo", "message": "opsiclientd 4.0.90", "type": "", "class": "MessageSubject"}, {"end": 0, "severity": 0, "title": "", "timeLeft": 0, "speed": 0, "percent": 0, "id": "detail", "state": 0, "timeSpend": 0, "message": "", "type": "", "class": "MessageSubjectProxy"}, {"end": 0, "severity": 0, "title": "", "timeLeft": 0, "speed": 0, "percent": 0, "id": "currentProgress", "state": 0, "timeSpend": 0, "message": "", "type": "", "class": "ProgressSubjectProxy"}, {"end": 0, "severity": 0, "title": "", "timeLeft": 0, "speed": 0, "percent": 0, "id": "overallProgress", "state": 0, "timeSpend": 0, "message": "", "type": "", "class": "ProgressSubjectProxy"}, {"severity": 0, "title": "", "id": "choice", "selectedIndexes": [0], "message": "", "choices": ["Abbrechen", "Jetzt starten"], "type": "", "class": "ChoiceSubject"}]], "id": null, "method": "subjectsChanged"}
28 --------------------------------------------------

29 --------------------------------------------------

30 --------------------------------------------------
{"params": [{"severity": 0, "title": "", "id": "status", "message": "Ereignis on_demand: Aktionen starten in 00:20", "type": "", "class": "MessageSubject"}, "Ereignis on_demand: Aktionen starten in 00:20"], "id": null, "method": "messageChanged"}
31 --------------------------------------------------

32 --------------------------------------------------
{"params": [{"severity": 0, "title": "", "id": "status", "message": "Ereignis on_demand: Aktionen starten in 00:18", "type": "", "class": "MessageSubject"}, "Ereignis on_demand: Aktionen starten in 00:18"], "id": null, "method": "messageChanged"}
33 --------------------------------------------------

34 --------------------------------------------------
{"params": [{"severity": 0, "title": "", "id": "status", "message": "Ereignis on_demand: Aktionen starten in 00:17", "type": "", "class": "MessageSubject"}, "Ereignis on_demand: Aktionen starten in 00:17"], "id": null, "method": "messageChanged"}
35 --------------------------------------------------
{"params": [{"severity": 0, "title": "", "id": "choice", "selectedIndexes": [1], "message": "", "choices": ["Abbrechen", "Jetzt starten"], "type": "", "class": "ChoiceSubject"}, [1]], "id": null, "method": "selectedIndexesChanged"}
36 --------------------------------------------------
{"params": [["action"]], "id": null, "method": "endConnection"}
37 --------------------------------------------------
{"params": [[{"severity": 0, "title": "", "id": "status", "message": "Ereignis on_demand: Aktionen starten in 00:17", "type": "", "class": "MessageSubject"}, {"severity": 0, "title": "", "id": "message", "message": "Starte die Bearbeitung von Produkt-Aktionen. Sie k\u00f6nnen diese Aktion insgesamt 5 mal abbrechen. Die Aktion wurde bereits 0 mal abgebrochen.\nProdukte: shutdownwanted", "type": "", "class": "MessageSubject"}, {"severity": 0, "title": "", "id": "configServiceUrl", "message": "https://192.168.1.14:4447", "type": "", "class": "MessageSubject"}, {"severity": 0, "title": "", "id": "clientId", "message": "pctry4detlef.uib.local", "type": "", "class": "MessageSubject"}, {"severity": 0, "title": "", "id": "actionProcessorInfo", "message": "opsi-script 4.11.6.12", "type": "", "class": "MessageSubject"}, {"severity": 0, "title": "", "id": "opsiclientdInfo", "message": "opsiclientd 4.0.90", "type": "", "class": "MessageSubject"}, {"end": 0, "severity": 0, "title": "", "timeLeft": 0, "speed": 0, "percent": 0, "id": "detail", "state": 0, "timeSpend": 0, "message": "", "type": "", "class": "MessageSubjectProxy"}, {"end": 0, "severity": 0, "title": "", "timeLeft": 0, "speed": 0, "percent": 0, "id": "currentProgress", "state": 0, "timeSpend": 0, "message": "", "type": "", "class": "ProgressSubjectProxy"}, {"end": 0, "severity": 0, "title": "", "timeLeft": 0, "speed": 0, "percent": 0, "id": "overallProgress", "state": 0, "timeSpend": 0, "message": "", "type": "", "class": "ProgressSubjectProxy"}]], "id": null, "method": "subjectsChanged"}
38 --------------------------------------------------

39 --------------------------------------------------

40 --------------------------------------------------

41 --------------------------------------------------
{"params": [{"severity": 0, "title": "", "id": "status", "message": "Starte Aktionen", "type": "", "class": "MessageSubject"}, "Starte Aktionen"], "id": null, "method": "messageChanged"}
42 --------------------------------------------------

43 --------------------------------------------------

44 --------------------------------------------------

45 --------------------------------------------------

46 --------------------------------------------------
{"params": [{"severity": 0, "title": "", "id": "status", "message": "Aktualisiere action processor", "type": "", "class": "MessageSubject"}, "Aktualisiere action processor"], "id": null, "method": "messageChanged"}
47 --------------------------------------------------
{"params": [{"severity": 0, "title": "", "id": "status", "message": "Verbinde mit Depot-Freigabe smb://192.168.1.14/opsi_depot", "type": "", "class": "MessageSubject"}, "Verbinde mit Depot-Freigabe smb://192.168.1.14/opsi_depot"], "id": null, "method": "messageChanged"}
48 --------------------------------------------------

49 --------------------------------------------------

50 --------------------------------------------------

51 --------------------------------------------------

52 --------------------------------------------------

53 --------------------------------------------------
{"params": [{"severity": 0, "title": "", "id": "status", "message": "Verbinde mit Depot-Freigabe smb://192.168.1.14/opsi_depot", "type": "", "class": "MessageSubject"}, "Verbinde mit Depot-Freigabe smb://192.168.1.14/opsi_depot"], "id": null, "method": "messageChanged"}
54 --------------------------------------------------

55 --------------------------------------------------
{"params": [{"severity": 0, "title": "", "id": "status", "message": "Action processor l\u00e4uft", "type": "", "class": "MessageSubject"}, "Action processor l\u00e4uft"], "id": null, "method": "messageChanged"}
56 --------------------------------------------------

57 --------------------------------------------------

58 --------------------------------------------------

59 --------------------------------------------------

60 --------------------------------------------------
